<?xml version="1.0" encoding="UTF-8"?>
<testsuite xmlns:xsi="http://www.w3.org/2001/XMLSchema-instance" xsi:noNamespaceSchemaLocation="https://maven.apache.org/surefire/maven-surefire-plugin/xsd/surefire-test-report-3.0.xsd" version="3.0" name="com.turnos.TurnosApplicationTests" time="4.62" tests="1" errors="0" skipped="0" failures="0">
  <properties>
[...]
</properties>
  <testcase name="contextLoads" classname="com.turnos.TurnosApplicationTests" time="0.014">
    <system-out><![CDATA[14:50:35.915 [main] INFO org.springframework.test.context.support.AnnotationConfigContextLoaderUtils -- Could not detect default configuration classes for test class [com.turnos.TurnosApplicationTests]: TurnosApplicationTests does not declare any static, non-private, non-final, nested classes annotated with @Configuration.
14:50:36.073 [main] INFO org.springframework.boot.test.context.SpringBootTestContextBootstrapper -- Found @SpringBootConfiguration com.turnos.TurnosApplication for test class com.turnos.TurnosApplicationTests

  .   ____          _            __ _ _
 /\\ / ___'_ __ _ _(_)_ __  __ _ \ \ \ \
( ( )\___ | '_ | '_| | '_ \/ _` | \ \ \ \
 \\/  ___)| |_)| | | | | || (_| |  ) ) ) )
  '  |____| .__|_| |_|_| |_\__, | / / / /
 =========|_|==============|___/=/_/_/_/
 :: Spring Boot ::                (v3.2.4)

2026-04-24T14:50:36.658-05:00  INFO 17936 --- [sistema-turnos] [           main] com.turnos.TurnosApplicationTests        : Starting TurnosApplicationTests using Java 21.0.5 with PID 17936 (started by ateho in C:\Users\ateho\Documents\programacion-avanzada-2\Sistema-de-Turnos-LPA2)
2026-04-24T14:50:36.661-05:00  INFO 17936 --- [sistema-turnos] [           main] com.turnos.TurnosApplicationTests        : No active profile set, falling back to 1 default profile: "default"
2026-04-24T14:50:37.569-05:00  INFO 17936 --- [sistema-turnos] [           main] .s.d.r.c.RepositoryConfigurationDelegate : Bootstrapping Spring Data MongoDB repositories in DEFAULT mode.
2026-04-24T14:50:37.659-05:00  INFO 17936 --- [sistema-turnos] [           main] .s.d.r.c.RepositoryConfigurationDelegate : Finished Spring Data repository scanning in 82 ms. Found 1 MongoDB repository interface.
2026-04-24T14:50:38.699-05:00  INFO 17936 --- [sistema-turnos] [           main] org.mongodb.driver.client                : MongoClient with metadata {"application": {"name": "Cluster0"}, "driver": {"name": "mongo-java-driver|sync|spring-boot", "version": "4.11.1"}, "os": {"type": "Windows", "name": "Windows 11", "architecture": "amd64", "version": "10.0"}, "platform": "Java/Eclipse Adoptium/21.0.5+11-LTS"} created with settings MongoClientSettings{readPreference=primary, writeConcern=WriteConcern{w=null, wTimeout=null ms, journal=null}, retryWrites=true, retryReads=true, readConcern=ReadConcern{level=null}, credential=MongoCredential{mechanism=null, userName='user_', source='admin', password=<hidden>, mechanismProperties=<hidden>}, transportSettings=null, streamFactoryFactory=null, commandListeners=[], codecRegistry=ProvidersCodecRegistry{codecProviders=[ValueCodecProvider{}, BsonValueCodecProvider{}, DBRefCodecProvider{}, DBObjectCodecProvider{}, DocumentCodecProvider{}, CollectionCodecProvider{}, IterableCodecProvider{}, MapCodecProvider{}, GeoJsonCodecProvider{}, GridFSFileCodecProvider{}, Jsr310CodecProvider{}, JsonObjectCodecProvider{}, BsonCodecProvider{}, EnumCodecProvider{}, com.mongodb.client.model.mql.ExpressionCodecProvider@77cddc0c, com.mongodb.Jep395RecordCodecProvider@671d97bc, com.mongodb.KotlinCodecProvider@774f2992]}, loggerSettings=LoggerSettings{maxDocumentLength=1000}, clusterSettings={hosts=[127.0.0.1:27017], srvHost=cluster0.whoom.mongodb.net, srvServiceName=mongodb, mode=MULTIPLE, requiredClusterType=REPLICA_SET, requiredReplicaSetName='atlas-b7x8br-shard-0', serverSelector='null', clusterListeners='[]', serverSelectionTimeout='30000 ms', localThreshold='15 ms'}, socketSettings=SocketSettings{connectTimeoutMS=2000, readTimeoutMS=3000, receiveBufferSize=0, proxySettings=ProxySettings{host=null, port=null, username=null, password=null}}, heartbeatSocketSettings=SocketSettings{connectTimeoutMS=2000, readTimeoutMS=2000, receiveBufferSize=0, proxySettings=ProxySettings{host=null, port=null, username=null, password=null}}, connectionPoolSettings=ConnectionPoolSettings{maxSize=100, minSize=0, maxWaitTimeMS=120000, maxConnectionLifeTimeMS=0, maxConnectionIdleTimeMS=0, maintenanceInitialDelayMS=0, maintenanceFrequencyMS=60000, connectionPoolListeners=[], maxConnecting=2}, serverSettings=ServerSettings{heartbeatFrequencyMS=10000, minHeartbeatFrequencyMS=500, serverListeners='[]', serverMonitorListeners='[]'}, sslSettings=SslSettings{enabled=true, invalidHostNameAllowed=false, context=null}, applicationName='Cluster0', compressorList=[], uuidRepresentation=JAVA_LEGACY, serverApi=null, autoEncryptionSettings=null, dnsClient=null, inetAddressResolver=null, contextProvider=null}
2026-04-24T14:50:38.810-05:00  INFO 17936 --- [sistema-turnos] [oom.mongodb.net] org.mongodb.driver.cluster               : Adding discovered server cluster0-shard-00-00.whoom.mongodb.net:27017 to client view of cluster
2026-04-24T14:50:38.860-05:00  INFO 17936 --- [sistema-turnos] [oom.mongodb.net] org.mongodb.driver.cluster               : Adding discovered server cluster0-shard-00-02.whoom.mongodb.net:27017 to client view of cluster
2026-04-24T14:50:38.863-05:00  INFO 17936 --- [sistema-turnos] [oom.mongodb.net] org.mongodb.driver.cluster               : Adding discovered server cluster0-shard-00-01.whoom.mongodb.net:27017 to client view of cluster
2026-04-24T14:50:39.695-05:00  INFO 17936 --- [sistema-turnos] [ngodb.net:27017] org.mongodb.driver.cluster               : Monitor thread successfully connected to server with description ServerDescription{address=cluster0-shard-00-02.whoom.mongodb.net:27017, type=REPLICA_SET_SECONDARY, state=CONNECTED, ok=true, minWireVersion=0, maxWireVersion=25, maxDocumentSize=16777216, logicalSessionTimeoutMinutes=30, roundTripTimeNanos=503751900, setName='atlas-b7x8br-shard-0', canonicalAddress=cluster0-shard-00-02.whoom.mongodb.net:27017, hosts=[cluster0-shard-00-00.whoom.mongodb.net:27017, cluster0-shard-00-02.whoom.mongodb.net:27017, cluster0-shard-00-01.whoom.mongodb.net:27017], passives=[], arbiters=[], primary='cluster0-shard-00-01.whoom.mongodb.net:27017', tagSet=TagSet{[Tag{name='availabilityZone', value='use1-az1'}, Tag{name='cacheState', value='READY'}, Tag{name='diskState', value='READY'}, Tag{name='nodeType', value='ELECTABLE'}, Tag{name='provider', value='AWS'}, Tag{name='region', value='US_EAST_1'}, Tag{name='workloadType', value='OPERATIONAL'}]}, electionId=null, setVersion=266, topologyVersion=TopologyVersion{processId=69e1410f387d98246a8da0c2, counter=3}, lastWriteDate=Fri Apr 24 14:50:37 COT 2026, lastUpdateTimeNanos=4940910386600}
2026-04-24T14:50:39.697-05:00  INFO 17936 --- [sistema-turnos] [ngodb.net:27017] org.mongodb.driver.cluster               : Monitor thread successfully connected to server with description ServerDescription{address=cluster0-shard-00-00.whoom.mongodb.net:27017, type=REPLICA_SET_SECONDARY, state=CONNECTED, ok=true, minWireVersion=0, maxWireVersion=25, maxDocumentSize=16777216, logicalSessionTimeoutMinutes=30, roundTripTimeNanos=503529400, setName='atlas-b7x8br-shard-0', canonicalAddress=cluster0-shard-00-00.whoom.mongodb.net:27017, hosts=[cluster0-shard-00-00.whoom.mongodb.net:27017, cluster0-shard-00-02.whoom.mongodb.net:27017, cluster0-shard-00-01.whoom.mongodb.net:27017], passives=[], arbiters=[], primary='cluster0-shard-00-01.whoom.mongodb.net:27017', tagSet=TagSet{[Tag{name='availabilityZone', value='use1-az4'}, Tag{name='cacheState', value='READY'}, Tag{name='diskState', value='READY'}, Tag{name='nodeType', value='ELECTABLE'}, Tag{name='provider', value='AWS'}, Tag{name='region', value='US_EAST_1'}, Tag{name='workloadType', value='OPERATIONAL'}]}, electionId=null, setVersion=266, topologyVersion=TopologyVersion{processId=69e1405775c3024cb1191417, counter=4}, lastWriteDate=Fri Apr 24 14:50:37 COT 2026, lastUpdateTimeNanos=4940910149000}
2026-04-24T14:50:39.697-05:00  INFO 17936 --- [sistema-turnos] [ngodb.net:27017] org.mongodb.driver.cluster               : Monitor thread successfully connected to server with description ServerDescription{address=cluster0-shard-00-01.whoom.mongodb.net:27017, type=REPLICA_SET_PRIMARY, state=CONNECTED, ok=true, minWireVersion=0, maxWireVersion=25, maxDocumentSize=16777216, logicalSessionTimeoutMinutes=30, roundTripTimeNanos=503776200, setName='atlas-b7x8br-shard-0', canonicalAddress=cluster0-shard-00-01.whoom.mongodb.net:27017, hosts=[cluster0-shard-00-00.whoom.mongodb.net:27017, cluster0-shard-00-02.whoom.mongodb.net:27017, cluster0-shard-00-01.whoom.mongodb.net:27017], passives=[], arbiters=[], primary='cluster0-shard-00-01.whoom.mongodb.net:27017', tagSet=TagSet{[Tag{name='availabilityZone', value='use1-az6'}, Tag{name='cacheState', value='READY'}, Tag{name='diskState', value='READY'}, Tag{name='nodeType', value='ELECTABLE'}, Tag{name='provider', value='AWS'}, Tag{name='region', value='US_EAST_1'}, Tag{name='workloadType', value='OPERATIONAL'}]}, electionId=7fffffff0000000000000232, setVersion=266, topologyVersion=TopologyVersion{processId=69e140b594ef553849de2306, counter=6}, lastWriteDate=Fri Apr 24 14:50:37 COT 2026, lastUpdateTimeNanos=4940910387000}
2026-04-24T14:50:39.701-05:00  INFO 17936 --- [sistema-turnos] [ngodb.net:27017] org.mongodb.driver.cluster               : Discovered replica set primary cluster0-shard-00-01.whoom.mongodb.net:27017 with max election id 7fffffff0000000000000232 and max set version 266
2026-04-24T14:50:40.187-05:00  INFO 17936 --- [sistema-turnos] [           main] com.turnos.TurnosApplicationTests        : Started TurnosApplicationTests in 3.905 seconds (process running for 7.018)
]]></system-out>
  </testcase>
</testsuite>