<?xml version="1.0" encoding="UTF-8"?>
<testsuite xmlns:xsi="http://www.w3.org/2001/XMLSchema-instance" xsi:noNamespaceSchemaLocation="https://maven.apache.org/surefire/maven-surefire-plugin/xsd/surefire-test-report-3.0.xsd" version="3.0" name="com.turnos.service.TurnoServiceTest" time="1.724" tests="7" errors="0" skipped="0" failures="0">
  <properties>
[...]
</properties>
  <testcase name="cancelarTurnoDebeCambiarEstadoACancelado" classname="com.turnos.service.TurnoServiceTest" time="1.637">
    <system-err><![CDATA[WARNING: A Java agent has been loaded dynamically (C:\Users\ateho\.m2\repository\net\bytebuddy\byte-buddy-agent\1.14.12\byte-buddy-agent-1.14.12.jar)
WARNING: If a serviceability tool is in use, please run with -XX:+EnableDynamicAgentLoading to hide this warning
WARNING: If a serviceability tool is not in use, please run with -Djdk.instrument.traceUsage for more information
WARNING: Dynamic loading of agents will be disallowed by default in a future release
]]></system-err>
  </testcase>
  <testcase name="crearTurnoConEstadoEnEspera" classname="com.turnos.service.TurnoServiceTest" time="0.009"/>
  <testcase name="cancelarTurnoYaAtendidoDebeLanzarExcepcion" classname="com.turnos.service.TurnoServiceTest" time="0.007"/>
  <testcase name="siguienteTurnoSinTurnosEnEsperaDebelanzarExcepcion" classname="com.turnos.service.TurnoServiceTest" time="0.005"/>
  <testcase name="siguienteTurnoPreferencialAntesQueNormal" classname="com.turnos.service.TurnoServiceTest" time="0.005"/>
  <testcase name="atenderTurnoDebeCambiarEstadoAtendido" classname="com.turnos.service.TurnoServiceTest" time="0.006"/>
  <testcase name="atenderTurnoSinEstarEnAtencionDebeLanzarExcepcion" classname="com.turnos.service.TurnoServiceTest" time="0.005"/>
</testsuite>